<?xml version="1.0" encoding="UTF-8"?>
<testng-results ignored="0" total="1" passed="1" failed="0" skipped="0">
  <reporter-output>
  </reporter-output>
  <suite started-at="2025-05-26T20:33:22 IST" name="Default suite" finished-at="2025-05-26T20:33:36 IST" duration-ms="13798">
    <groups>
    </groups>
    <test started-at="2025-05-26T20:33:22 IST" name="Default test" finished-at="2025-05-26T20:33:36 IST" duration-ms="13798">
      <class name="web.log">
        <test-method is-config="true" signature="setup()[pri:0, instance:web.log@3857f613]" started-at="2025-05-26T20:33:22 IST" name="setup" finished-at="2025-05-26T20:33:24 IST" duration-ms="1804" status="PASS">
          <reporter-output>
          </reporter-output>
        </test-method> <!-- setup -->
        <test-method signature="use()[pri:0, instance:web.log@3857f613]" started-at="2025-05-26T20:33:24 IST" name="use" finished-at="2025-05-26T20:33:36 IST" duration-ms="11923" status="PASS">
          <reporter-output>
          </reporter-output>
        </test-method> <!-- use -->
      </class> <!-- web.log -->
    </test> <!-- Default test -->
  </suite> <!-- Default suite -->
</testng-results>
